<?xml version="1.0" encoding="UTF-8"?>
<!-- Generated by org.testng.reporters.JUnitXMLReporter -->
<testsuite ignored="0" hostname="STI-PNQ2263" failures="1" tests="3" name="MyTest3" time="14.396" errors="0" timestamp="2025-06-21T06:28:57 IST">
  <testcase classname="TestNGNew.TestNG_Practice" name="openapp" time="12.393"/>
  <testcase classname="TestNGNew.TestNG_Practice" name="Login" time="0.825"/>
  <testcase classname="TestNGNew.TestNG_Practice" name="Submit" time="1.135">
    <failure type="org.openqa.selenium.ElementClickInterceptedException" message="element click intercepted: Element &amp;lt;span _ngcontent-sbj-c142=&amp;quot;&amp;quot; id=&amp;quot;signInBtn&amp;quot; class=&amp;quot;btn btn-primary btn-cta loginbtn&amp;quot; style=&amp;quot;display: block;&amp;quot;&amp;gt;...&amp;lt;/span&amp;gt; is not clickable at point (772, 376). Other element would receive the click: &amp;lt;div _ngcontent-sbj-c142=&amp;quot;&amp;quot; id=&amp;quot;login-msgbox-modal&amp;quot; tabindex=&amp;quot;-1&amp;quot; role=&amp;quot;dialog&amp;quot; aria-labelledby=&amp;quot;loginMsg box modal&amp;quot; class=&amp;quot;modal fade modal-vcenter common-modal&amp;quot; aria-modal=&amp;quot;true&amp;quot; style=&amp;quot;display: block;&amp;quot;&amp;gt;...&amp;lt;/div&amp;gt;
  (Session info: chrome=137.0.7151.120)
Build info: version: &amp;apos;4.27.0&amp;apos;, revision: &amp;apos;d6e718d134&amp;apos;
System info: os.name: &amp;apos;Windows 11&amp;apos;, os.arch: &amp;apos;amd64&amp;apos;, os.version: &amp;apos;10.0&amp;apos;, java.version: &amp;apos;17.0.6&amp;apos;
Driver info: org.openqa.selenium.chrome.ChromeDriver
Command: [7e61bed9d1daa0d8fe24eaf9c6558baa, clickElement {id=f.FF3468AFF4D2695749595093E6C47FA6.d.2EBB73F9EF1B9B53FAC2154B5A7B9802.e.215}]
Capabilities {acceptInsecureCerts: false, browserName: chrome, browserVersion: 137.0.7151.120, chrome: {chromedriverVersion: 137.0.7151.119 (e0ac9d12dff..., userDataDir: C:\Users\ybhamare\AppData\L...}, fedcm:accounts: true, goog:chromeOptions: {debuggerAddress: localhost:52634}, networkConnectionEnabled: false, pageLoadStrategy: normal, platformName: windows, proxy: Proxy(), se:cdp: ws://localhost:52634/devtoo..., se:cdpVersion: 137.0.7151.120, setWindowRect: true, strictFileInteractability: false, timeouts: {implicit: 0, pageLoad: 300000, script: 30000}, unhandledPromptBehavior: dismiss and notify, webauthn:extension:credBlob: true, webauthn:extension:largeBlob: true, webauthn:extension:minPinLength: true, webauthn:extension:prf: true, webauthn:virtualAuthenticators: true}
Element: [[ChromeDriver: chrome on windows (7e61bed9d1daa0d8fe24eaf9c6558baa)] -&amp;gt; xpath: //span[@id=&amp;apos;signInBtn&amp;apos;]]
Session ID: 7e61bed9d1daa0d8fe24eaf9c6558baa">
      <![CDATA[org.openqa.selenium.ElementClickInterceptedException: element click intercepted: Element <span _ngcontent-sbj-c142="" id="signInBtn" class="btn btn-primary btn-cta loginbtn" style="display: block;">...</span> is not clickable at point (772, 376). Other element would receive the click: <div _ngcontent-sbj-c142="" id="login-msgbox-modal" tabindex="-1" role="dialog" aria-labelledby="loginMsg box modal" class="modal fade modal-vcenter common-modal" aria-modal="true" style="display: block;">...</div>
  (Session info: chrome=137.0.7151.120)
Build info: version: '4.27.0', revision: 'd6e718d134'
System info: os.name: 'Windows 11', os.arch: 'amd64', os.version: '10.0', java.version: '17.0.6'
Driver info: org.openqa.selenium.chrome.ChromeDriver
Command: [7e61bed9d1daa0d8fe24eaf9c6558baa, clickElement {id=f.FF3468AFF4D2695749595093E6C47FA6.d.2EBB73F9EF1B9B53FAC2154B5A7B9802.e.215}]
Capabilities {acceptInsecureCerts: false, browserName: chrome, browserVersion: 137.0.7151.120, chrome: {chromedriverVersion: 137.0.7151.119 (e0ac9d12dff..., userDataDir: C:\Users\ybhamare\AppData\L...}, fedcm:accounts: true, goog:chromeOptions: {debuggerAddress: localhost:52634}, networkConnectionEnabled: false, pageLoadStrategy: normal, platformName: windows, proxy: Proxy(), se:cdp: ws://localhost:52634/devtoo..., se:cdpVersion: 137.0.7151.120, setWindowRect: true, strictFileInteractability: false, timeouts: {implicit: 0, pageLoad: 300000, script: 30000}, unhandledPromptBehavior: dismiss and notify, webauthn:extension:credBlob: true, webauthn:extension:largeBlob: true, webauthn:extension:minPinLength: true, webauthn:extension:prf: true, webauthn:virtualAuthenticators: true}
Element: [[ChromeDriver: chrome on windows (7e61bed9d1daa0d8fe24eaf9c6558baa)] -> xpath: //span[@id='signInBtn']]
Session ID: 7e61bed9d1daa0d8fe24eaf9c6558baa
at org.openqa.selenium.remote.ErrorCodec.decode(ErrorCodec.java:167)
at org.openqa.selenium.remote.codec.w3c.W3CHttpResponseCodec.decode(W3CHttpResponseCodec.java:138)
at org.openqa.selenium.remote.codec.w3c.W3CHttpResponseCodec.decode(W3CHttpResponseCodec.java:50)
at org.openqa.selenium.remote.HttpCommandExecutor.execute(HttpCommandExecutor.java:190)
at org.openqa.selenium.remote.service.DriverCommandExecutor.invokeExecute(DriverCommandExecutor.java:216)
at org.openqa.selenium.remote.service.DriverCommandExecutor.execute(DriverCommandExecutor.java:174)
at org.openqa.selenium.remote.RemoteWebDriver.execute(RemoteWebDriver.java:545)
at org.openqa.selenium.remote.RemoteWebElement.execute(RemoteWebElement.java:223)
at org.openqa.selenium.remote.RemoteWebElement.click(RemoteWebElement.java:76)
at TestNGNew.TestNG_Practice.Submit(TestNG_Practice.java:37)
at java.base/java.util.ArrayList.forEach(ArrayList.java:1511)
... Removed 32 stack frames]]>
    </failure>
  </testcase> <!-- Submit -->
</testsuite> <!-- MyTest3 -->
